[2020-10-22 06:11:17] local.ERROR: SQLSTATE[HY000] [2002] Connection refused (SQL: select count(*) as aggregate from `products` where `active` = 1) {"exception":"[object] (Illuminate\\Database\\QueryException(code: 2002): SQLSTATE[HY000] [2002] Connection refused (SQL: select count(*) as aggregate from `products` where `active` = 1) at /mnt/e/workspace/workspace/freelance/aiswarya/source code/artEcommerce/vendor/laravel/framework/src/Illuminate/Database/Connection.php:671)
[stacktrace]
#0 /mnt/e/workspace/workspace/freelance/aiswarya/source code/artEcommerce/vendor/laravel/framework/src/Illuminate/Database/Connection.php(745): Illuminate\\Database\\Connection->runQueryCallback()
#1 /mnt/e/workspace/workspace/freelance/aiswarya/source code/artEcommerce/vendor/laravel/framework/src/Illuminate/Database/Connection.php(725): Illuminate\\Database\\Connection->tryAgainIfCausedByLostConnection()
#2 /mnt/e/workspace/workspace/freelance/aiswarya/source code/artEcommerce/vendor/laravel/framework/src/Illuminate/Database/Connection.php(634): Illuminate\\Database\\Connection->handleQueryException()
#3 /mnt/e/workspace/workspace/freelance/aiswarya/source code/artEcommerce/vendor/laravel/framework/src/Illuminate/Database/Connection.php(339): Illuminate\\Database\\Connection->run()
#4 /mnt/e/workspace/workspace/freelance/aiswarya/source code/artEcommerce/vendor/laravel/framework/src/Illuminate/Database/Query/Builder.php(2302): Illuminate\\Database\\Connection->select()
#5 /mnt/e/workspace/workspace/freelance/aiswarya/source code/artEcommerce/vendor/laravel/framework/src/Illuminate/Database/Query/Builder.php(2290): Illuminate\\Database\\Query\\Builder->runSelect()
#6 /mnt/e/workspace/workspace/freelance/aiswarya/source code/artEcommerce/vendor/laravel/framework/src/Illuminate/Database/Query/Builder.php(2785): Illuminate\\Database\\Query\\Builder->Illuminate\\Database\\Query\\{closure}()
#7 /mnt/e/workspace/workspace/freelance/aiswarya/source code/artEcommerce/vendor/laravel/framework/src/Illuminate/Database/Query/Builder.php(2291): Illuminate\\Database\\Query\\Builder->onceWithColumns()
#8 /mnt/e/workspace/workspace/freelance/aiswarya/source code/artEcommerce/vendor/laravel/framework/src/Illuminate/Database/Query/Builder.php(2401): Illuminate\\Database\\Query\\Builder->get()
#9 /mnt/e/workspace/workspace/freelance/aiswarya/source code/artEcommerce/vendor/laravel/framework/src/Illuminate/Database/Query/Builder.php(2360): Illuminate\\Database\\Query\\Builder->runPaginationCountQuery()
#10 /mnt/e/workspace/workspace/freelance/aiswarya/source code/artEcommerce/vendor/laravel/framework/src/Illuminate/Database/Eloquent/Builder.php(730): Illuminate\\Database\\Query\\Builder->getCountForPagination()
#11 /mnt/e/workspace/workspace/freelance/aiswarya/source code/artEcommerce/app/Http/Controllers/ProductsController.php(15): Illuminate\\Database\\Eloquent\\Builder->paginate()
#12 [internal function]: App\\Http\\Controllers\\ProductsController->index()
#13 /mnt/e/workspace/workspace/freelance/aiswarya/source code/artEcommerce/vendor/laravel/framework/src/Illuminate/Routing/Controller.php(54): call_user_func_array()
#14 /mnt/e/workspace/workspace/freelance/aiswarya/source code/artEcommerce/vendor/laravel/framework/src/Illuminate/Routing/ControllerDispatcher.php(45): Illuminate\\Routing\\Controller->callAction()
#15 /mnt/e/workspace/workspace/freelance/aiswarya/source code/artEcommerce/vendor/laravel/framework/src/Illuminate/Routing/Route.php(255): Illuminate\\Routing\\ControllerDispatcher->dispatch()
#16 /mnt/e/workspace/workspace/freelance/aiswarya/source code/artEcommerce/vendor/laravel/framework/src/Illuminate/Routing/Route.php(197): Illuminate\\Routing\\Route->runController()
#17 /mnt/e/workspace/workspace/freelance/aiswarya/source code/artEcommerce/vendor/laravel/framework/src/Illuminate/Routing/Router.php(691): Illuminate\\Routing\\Route->run()
#18 /mnt/e/workspace/workspace/freelance/aiswarya/source code/artEcommerce/vendor/laravel/framework/src/Illuminate/Pipeline/Pipeline.php(128): Illuminate\\Routing\\Router->Illuminate\\Routing\\{closure}()
#19 /mnt/e/workspace/workspace/freelance/aiswarya/source code/artEcommerce/vendor/laravel/framework/src/Illuminate/Routing/Middleware/SubstituteBindings.php(41): Illuminate\\Pipeline\\Pipeline->Illuminate\\Pipeline\\{closure}()
#20 /mnt/e/workspace/workspace/freelance/aiswarya/source code/artEcommerce/vendor/laravel/framework/src/Illuminate/Pipeline/Pipeline.php(167): Illuminate\\Routing\\Middleware\\SubstituteBindings->handle()
#21 /mnt/e/workspace/workspace/freelance/aiswarya/source code/artEcommerce/vendor/laravel/framework/src/Illuminate/Foundation/Http/Middleware/VerifyCsrfToken.php(77): Illuminate\\Pipeline\\Pipeline->Illuminate\\Pipeline\\{closure}()
#22 /mnt/e/workspace/workspace/freelance/aiswarya/source code/artEcommerce/vendor/laravel/framework/src/Illuminate/Pipeline/Pipeline.php(167): Illuminate\\Foundation\\Http\\Middleware\\VerifyCsrfToken->handle()
#23 /mnt/e/workspace/workspace/freelance/aiswarya/source code/artEcommerce/vendor/laravel/framework/src/Illuminate/View/Middleware/ShareErrorsFromSession.php(49): Illuminate\\Pipeline\\Pipeline->Illuminate\\Pipeline\\{closure}()
#24 /mnt/e/workspace/workspace/freelance/aiswarya/source code/artEcommerce/vendor/laravel/framework/src/Illuminate/Pipeline/Pipeline.php(167): Illuminate\\View\\Middleware\\ShareErrorsFromSession->handle()
#25 /mnt/e/workspace/workspace/freelance/aiswarya/source code/artEcommerce/vendor/laravel/framework/src/Illuminate/Session/Middleware/StartSession.php(121): Illuminate\\Pipeline\\Pipeline->Illuminate\\Pipeline\\{closure}()
#26 /mnt/e/workspace/workspace/freelance/aiswarya/source code/artEcommerce/vendor/laravel/framework/src/Illuminate/Session/Middleware/StartSession.php(63): Illuminate\\Session\\Middleware\\StartSession->handleStatefulRequest()
#27 /mnt/e/workspace/workspace/freelance/aiswarya/source code/artEcommerce/vendor/laravel/framework/src/Illuminate/Pipeline/Pipeline.php(167): Illuminate\\Session\\Middleware\\StartSession->handle()
#28 /mnt/e/workspace/workspace/freelance/aiswarya/source code/artEcommerce/vendor/laravel/framework/src/Illuminate/Cookie/Middleware/AddQueuedCookiesToResponse.php(37): Illuminate\\Pipeline\\Pipeline->Illuminate\\Pipeline\\{closure}()
#29 /mnt/e/workspace/workspace/freelance/aiswarya/source code/artEcommerce/vendor/laravel/framework/src/Illuminate/Pipeline/Pipeline.php(167): Illuminate\\Cookie\\Middleware\\AddQueuedCookiesToResponse->handle()
#30 /mnt/e/workspace/workspace/freelance/aiswarya/source code/artEcommerce/vendor/laravel/framework/src/Illuminate/Cookie/Middleware/EncryptCookies.php(67): Illuminate\\Pipeline\\Pipeline->Illuminate\\Pipeline\\{closure}()
#31 /mnt/e/workspace/workspace/freelance/aiswarya/source code/artEcommerce/vendor/laravel/framework/src/Illuminate/Pipeline/Pipeline.php(167): Illuminate\\Cookie\\Middleware\\EncryptCookies->handle()
#32 /mnt/e/workspace/workspace/freelance/aiswarya/source code/artEcommerce/vendor/laravel/framework/src/Illuminate/Pipeline/Pipeline.php(103): Illuminate\\Pipeline\\Pipeline->Illuminate\\Pipeline\\{closure}()
#33 /mnt/e/workspace/workspace/freelance/aiswarya/source code/artEcommerce/vendor/laravel/framework/src/Illuminate/Routing/Router.php(693): Illuminate\\Pipeline\\Pipeline->then()
#34 /mnt/e/workspace/workspace/freelance/aiswarya/source code/artEcommerce/vendor/laravel/framework/src/Illuminate/Routing/Router.php(668): Illuminate\\Routing\\Router->runRouteWithinStack()
#35 /mnt/e/workspace/workspace/freelance/aiswarya/source code/artEcommerce/vendor/laravel/framework/src/Illuminate/Routing/Router.php(634): Illuminate\\Routing\\Router->runRoute()
#36 /mnt/e/workspace/workspace/freelance/aiswarya/source code/artEcommerce/vendor/laravel/framework/src/Illuminate/Routing/Router.php(623): Illuminate\\Routing\\Router->dispatchToRoute()
#37 /mnt/e/workspace/workspace/freelance/aiswarya/source code/artEcommerce/vendor/laravel/framework/src/Illuminate/Foundation/Http/Kernel.php(166): Illuminate\\Routing\\Router->dispatch()
#38 /mnt/e/workspace/workspace/freelance/aiswarya/source code/artEcommerce/vendor/laravel/framework/src/Illuminate/Pipeline/Pipeline.php(128): Illuminate\\Foundation\\Http\\Kernel->Illuminate\\Foundation\\Http\\{closure}()
#39 /mnt/e/workspace/workspace/freelance/aiswarya/source code/artEcommerce/vendor/laravel/framework/src/Illuminate/Foundation/Http/Middleware/TransformsRequest.php(21): Illuminate\\Pipeline\\Pipeline->Illuminate\\Pipeline\\{closure}()
#40 /mnt/e/workspace/workspace/freelance/aiswarya/source code/artEcommerce/vendor/laravel/framework/src/Illuminate/Pipeline/Pipeline.php(167): Illuminate\\Foundation\\Http\\Middleware\\TransformsRequest->handle()
#41 /mnt/e/workspace/workspace/freelance/aiswarya/source code/artEcommerce/vendor/laravel/framework/src/Illuminate/Foundation/Http/Middleware/TransformsRequest.php(21): Illuminate\\Pipeline\\Pipeline->Illuminate\\Pipeline\\{closure}()
#42 /mnt/e/workspace/workspace/freelance/aiswarya/source code/artEcommerce/vendor/laravel/framework/src/Illuminate/Pipeline/Pipeline.php(167): Illuminate\\Foundation\\Http\\Middleware\\TransformsRequest->handle()
#43 /mnt/e/workspace/workspace/freelance/aiswarya/source code/artEcommerce/vendor/laravel/framework/src/Illuminate/Foundation/Http/Middleware/ValidatePostSize.php(27): Illuminate\\Pipeline\\Pipeline->Illuminate\\Pipeline\\{closure}()
#44 /mnt/e/workspace/workspace/freelance/aiswarya/source code/artEcommerce/vendor/laravel/framework/src/Illuminate/Pipeline/Pipeline.php(167): Illuminate\\Foundation\\Http\\Middleware\\ValidatePostSize->handle()
#45 /mnt/e/workspace/workspace/freelance/aiswarya/source code/artEcommerce/vendor/laravel/framework/src/Illuminate/Foundation/Http/Middleware/PreventRequestsDuringMaintenance.php(87): Illuminate\\Pipeline\\Pipeline->Illuminate\\Pipeline\\{closure}()
#46 /mnt/e/workspace/workspace/freelance/aiswarya/source code/artEcommerce/vendor/laravel/framework/src/Illuminate/Pipeline/Pipeline.php(167): Illuminate\\Foundation\\Http\\Middleware\\PreventRequestsDuringMaintenance->handle()
#47 /mnt/e/workspace/workspace/freelance/aiswarya/source code/artEcommerce/vendor/fruitcake/laravel-cors/src/HandleCors.php(37): Illuminate\\Pipeline\\Pipeline->Illuminate\\Pipeline\\{closure}()
#48 /mnt/e/workspace/workspace/freelance/aiswarya/source code/artEcommerce/vendor/laravel/framework/src/Illuminate/Pipeline/Pipeline.php(167): Fruitcake\\Cors\\HandleCors->handle()
#49 /mnt/e/workspace/workspace/freelance/aiswarya/source code/artEcommerce/vendor/fideloper/proxy/src/TrustProxies.php(57): Illuminate\\Pipeline\\Pipeline->Illuminate\\Pipeline\\{closure}()
#50 /mnt/e/workspace/workspace/freelance/aiswarya/source code/artEcommerce/vendor/laravel/framework/src/Illuminate/Pipeline/Pipeline.php(167): Fideloper\\Proxy\\TrustProxies->handle()
#51 /mnt/e/workspace/workspace/freelance/aiswarya/source code/artEcommerce/vendor/laravel/framework/src/Illuminate/Pipeline/Pipeline.php(103): Illuminate\\Pipeline\\Pipeline->Illuminate\\Pipeline\\{closure}()
#52 /mnt/e/workspace/workspace/freelance/aiswarya/source code/artEcommerce/vendor/laravel/framework/src/Illuminate/Foundation/Http/Kernel.php(141): Illuminate\\Pipeline\\Pipeline->then()
#53 /mnt/e/workspace/workspace/freelance/aiswarya/source code/artEcommerce/vendor/laravel/framework/src/Illuminate/Foundation/Http/Kernel.php(110): Illuminate\\Foundation\\Http\\Kernel->sendRequestThroughRouter()
#54 /mnt/e/workspace/workspace/freelance/aiswarya/source code/artEcommerce/public/index.php(52): Illuminate\\Foundation\\Http\\Kernel->handle()
#55 /mnt/e/workspace/workspace/freelance/aiswarya/source code/artEcommerce/server.php(21): require_once('/mnt/e/workspac...')
#56 {main}

[previous exception] [object] (PDOException(code: 2002): SQLSTATE[HY000] [2002] Connection refused at /mnt/e/workspace/workspace/freelance/aiswarya/source code/artEcommerce/vendor/laravel/framework/src/Illuminate/Database/Connectors/Connector.php:70)
[stacktrace]
#0 /mnt/e/workspace/workspace/freelance/aiswarya/source code/artEcommerce/vendor/laravel/framework/src/Illuminate/Database/Connectors/Connector.php(70): PDO->__construct()
#1 /mnt/e/workspace/workspace/freelance/aiswarya/source code/artEcommerce/vendor/laravel/framework/src/Illuminate/Database/Connectors/Connector.php(100): Illuminate\\Database\\Connectors\\Connector->createPdoConnection()
#2 /mnt/e/workspace/workspace/freelance/aiswarya/source code/artEcommerce/vendor/laravel/framework/src/Illuminate/Database/Connectors/Connector.php(50): Illuminate\\Database\\Connectors\\Connector->tryAgainIfCausedByLostConnection()
#3 /mnt/e/workspace/workspace/freelance/aiswarya/source code/artEcommerce/vendor/laravel/framework/src/Illuminate/Database/Connectors/MySqlConnector.php(24): Illuminate\\Database\\Connectors\\Connector->createConnection()
#4 /mnt/e/workspace/workspace/freelance/aiswarya/source code/artEcommerce/vendor/laravel/framework/src/Illuminate/Database/Connectors/ConnectionFactory.php(184): Illuminate\\Database\\Connectors\\MySqlConnector->connect()
#5 [internal function]: Illuminate\\Database\\Connectors\\ConnectionFactory->Illuminate\\Database\\Connectors\\{closure}()
#6 /mnt/e/workspace/workspace/freelance/aiswarya/source code/artEcommerce/vendor/laravel/framework/src/Illuminate/Database/Connection.php(926): call_user_func()
#7 /mnt/e/workspace/workspace/freelance/aiswarya/source code/artEcommerce/vendor/laravel/framework/src/Illuminate/Database/Connection.php(961): Illuminate\\Database\\Connection->getPdo()
#8 /mnt/e/workspace/workspace/freelance/aiswarya/source code/artEcommerce/vendor/laravel/framework/src/Illuminate/Database/Connection.php(405): Illuminate\\Database\\Connection->getReadPdo()
#9 /mnt/e/workspace/workspace/freelance/aiswarya/source code/artEcommerce/vendor/laravel/framework/src/Illuminate/Database/Connection.php(331): Illuminate\\Database\\Connection->getPdoForSelect()
#10 /mnt/e/workspace/workspace/freelance/aiswarya/source code/artEcommerce/vendor/laravel/framework/src/Illuminate/Database/Connection.php(664): Illuminate\\Database\\Connection->Illuminate\\Database\\{closure}()
#11 /mnt/e/workspace/workspace/freelance/aiswarya/source code/artEcommerce/vendor/laravel/framework/src/Illuminate/Database/Connection.php(745): Illuminate\\Database\\Connection->runQueryCallback()
#12 /mnt/e/workspace/workspace/freelance/aiswarya/source code/artEcommerce/vendor/laravel/framework/src/Illuminate/Database/Connection.php(725): Illuminate\\Database\\Connection->tryAgainIfCausedByLostConnection()
#13 /mnt/e/workspace/workspace/freelance/aiswarya/source code/artEcommerce/vendor/laravel/framework/src/Illuminate/Database/Connection.php(634): Illuminate\\Database\\Connection->handleQueryException()
#14 /mnt/e/workspace/workspace/freelance/aiswarya/source code/artEcommerce/vendor/laravel/framework/src/Illuminate/Database/Connection.php(339): Illuminate\\Database\\Connection->run()
#15 /mnt/e/workspace/workspace/freelance/aiswarya/source code/artEcommerce/vendor/laravel/framework/src/Illuminate/Database/Query/Builder.php(2302): Illuminate\\Database\\Connection->select()
#16 /mnt/e/workspace/workspace/freelance/aiswarya/source code/artEcommerce/vendor/laravel/framework/src/Illuminate/Database/Query/Builder.php(2290): Illuminate\\Database\\Query\\Builder->runSelect()
#17 /mnt/e/workspace/workspace/freelance/aiswarya/source code/artEcommerce/vendor/laravel/framework/src/Illuminate/Database/Query/Builder.php(2785): Illuminate\\Database\\Query\\Builder->Illuminate\\Database\\Query\\{closure}()
#18 /mnt/e/workspace/workspace/freelance/aiswarya/source code/artEcommerce/vendor/laravel/framework/src/Illuminate/Database/Query/Builder.php(2291): Illuminate\\Database\\Query\\Builder->onceWithColumns()
#19 /mnt/e/workspace/workspace/freelance/aiswarya/source code/artEcommerce/vendor/laravel/framework/src/Illuminate/Database/Query/Builder.php(2401): Illuminate\\Database\\Query\\Builder->get()
#20 /mnt/e/workspace/workspace/freelance/aiswarya/source code/artEcommerce/vendor/laravel/framework/src/Illuminate/Database/Query/Builder.php(2360): Illuminate\\Database\\Query\\Builder->runPaginationCountQuery()
#21 /mnt/e/workspace/workspace/freelance/aiswarya/source code/artEcommerce/vendor/laravel/framework/src/Illuminate/Database/Eloquent/Builder.php(730): Illuminate\\Database\\Query\\Builder->getCountForPagination()
#22 /mnt/e/workspace/workspace/freelance/aiswarya/source code/artEcommerce/app/Http/Controllers/ProductsController.php(15): Illuminate\\Database\\Eloquent\\Builder->paginate()
#23 [internal function]: App\\Http\\Controllers\\ProductsController->index()
#24 /mnt/e/workspace/workspace/freelance/aiswarya/source code/artEcommerce/vendor/laravel/framework/src/Illuminate/Routing/Controller.php(54): call_user_func_array()
#25 /mnt/e/workspace/workspace/freelance/aiswarya/source code/artEcommerce/vendor/laravel/framework/src/Illuminate/Routing/ControllerDispatcher.php(45): Illuminate\\Routing\\Controller->callAction()
#26 /mnt/e/workspace/workspace/freelance/aiswarya/source code/artEcommerce/vendor/laravel/framework/src/Illuminate/Routing/Route.php(255): Illuminate\\Routing\\ControllerDispatcher->dispatch()
#27 /mnt/e/workspace/workspace/freelance/aiswarya/source code/artEcommerce/vendor/laravel/framework/src/Illuminate/Routing/Route.php(197): Illuminate\\Routing\\Route->runController()
#28 /mnt/e/workspace/workspace/freelance/aiswarya/source code/artEcommerce/vendor/laravel/framework/src/Illuminate/Routing/Router.php(691): Illuminate\\Routing\\Route->run()
#29 /mnt/e/workspace/workspace/freelance/aiswarya/source code/artEcommerce/vendor/laravel/framework/src/Illuminate/Pipeline/Pipeline.php(128): Illuminate\\Routing\\Router->Illuminate\\Routing\\{closure}()
#30 /mnt/e/workspace/workspace/freelance/aiswarya/source code/artEcommerce/vendor/laravel/framework/src/Illuminate/Routing/Middleware/SubstituteBindings.php(41): Illuminate\\Pipeline\\Pipeline->Illuminate\\Pipeline\\{closure}()
#31 /mnt/e/workspace/workspace/freelance/aiswarya/source code/artEcommerce/vendor/laravel/framework/src/Illuminate/Pipeline/Pipeline.php(167): Illuminate\\Routing\\Middleware\\SubstituteBindings->handle()
#32 /mnt/e/workspace/workspace/freelance/aiswarya/source code/artEcommerce/vendor/laravel/framework/src/Illuminate/Foundation/Http/Middleware/VerifyCsrfToken.php(77): Illuminate\\Pipeline\\Pipeline->Illuminate\\Pipeline\\{closure}()
#33 /mnt/e/workspace/workspace/freelance/aiswarya/source code/artEcommerce/vendor/laravel/framework/src/Illuminate/Pipeline/Pipeline.php(167): Illuminate\\Foundation\\Http\\Middleware\\VerifyCsrfToken->handle()
#34 /mnt/e/workspace/workspace/freelance/aiswarya/source code/artEcommerce/vendor/laravel/framework/src/Illuminate/View/Middleware/ShareErrorsFromSession.php(49): Illuminate\\Pipeline\\Pipeline->Illuminate\\Pipeline\\{closure}()
#35 /mnt/e/workspace/workspace/freelance/aiswarya/source code/artEcommerce/vendor/laravel/framework/src/Illuminate/Pipeline/Pipeline.php(167): Illuminate\\View\\Middleware\\ShareErrorsFromSession->handle()
#36 /mnt/e/workspace/workspace/freelance/aiswarya/source code/artEcommerce/vendor/laravel/framework/src/Illuminate/Session/Middleware/StartSession.php(121): Illuminate\\Pipeline\\Pipeline->Illuminate\\Pipeline\\{closure}()
#37 /mnt/e/workspace/workspace/freelance/aiswarya/source code/artEcommerce/vendor/laravel/framework/src/Illuminate/Session/Middleware/StartSession.php(63): Illuminate\\Session\\Middleware\\StartSession->handleStatefulRequest()
#38 /mnt/e/workspace/workspace/freelance/aiswarya/source code/artEcommerce/vendor/laravel/framework/src/Illuminate/Pipeline/Pipeline.php(167): Illuminate\\Session\\Middleware\\StartSession->handle()
#39 /mnt/e/workspace/workspace/freelance/aiswarya/source code/artEcommerce/vendor/laravel/framework/src/Illuminate/Cookie/Middleware/AddQueuedCookiesToResponse.php(37): Illuminate\\Pipeline\\Pipeline->Illuminate\\Pipeline\\{closure}()
#40 /mnt/e/workspace/workspace/freelance/aiswarya/source code/artEcommerce/vendor/laravel/framework/src/Illuminate/Pipeline/Pipeline.php(167): Illuminate\\Cookie\\Middleware\\AddQueuedCookiesToResponse->handle()
#41 /mnt/e/workspace/workspace/freelance/aiswarya/source code/artEcommerce/vendor/laravel/framework/src/Illuminate/Cookie/Middleware/EncryptCookies.php(67): Illuminate\\Pipeline\\Pipeline->Illuminate\\Pipeline\\{closure}()
#42 /mnt/e/workspace/workspace/freelance/aiswarya/source code/artEcommerce/vendor/laravel/framework/src/Illuminate/Pipeline/Pipeline.php(167): Illuminate\\Cookie\\Middleware\\EncryptCookies->handle()
#43 /mnt/e/workspace/workspace/freelance/aiswarya/source code/artEcommerce/vendor/laravel/framework/src/Illuminate/Pipeline/Pipeline.php(103): Illuminate\\Pipeline\\Pipeline->Illuminate\\Pipeline\\{closure}()
#44 /mnt/e/workspace/workspace/freelance/aiswarya/source code/artEcommerce/vendor/laravel/framework/src/Illuminate/Routing/Router.php(693): Illuminate\\Pipeline\\Pipeline->then()
#45 /mnt/e/workspace/workspace/freelance/aiswarya/source code/artEcommerce/vendor/laravel/framework/src/Illuminate/Routing/Router.php(668): Illuminate\\Routing\\Router->runRouteWithinStack()
#46 /mnt/e/workspace/workspace/freelance/aiswarya/source code/artEcommerce/vendor/laravel/framework/src/Illuminate/Routing/Router.php(634): Illuminate\\Routing\\Router->runRoute()
#47 /mnt/e/workspace/workspace/freelance/aiswarya/source code/artEcommerce/vendor/laravel/framework/src/Illuminate/Routing/Router.php(623): Illuminate\\Routing\\Router->dispatchToRoute()
#48 /mnt/e/workspace/workspace/freelance/aiswarya/source code/artEcommerce/vendor/laravel/framework/src/Illuminate/Foundation/Http/Kernel.php(166): Illuminate\\Routing\\Router->dispatch()
#49 /mnt/e/workspace/workspace/freelance/aiswarya/source code/artEcommerce/vendor/laravel/framework/src/Illuminate/Pipeline/Pipeline.php(128): Illuminate\\Foundation\\Http\\Kernel->Illuminate\\Foundation\\Http\\{closure}()
#50 /mnt/e/workspace/workspace/freelance/aiswarya/source code/artEcommerce/vendor/laravel/framework/src/Illuminate/Foundation/Http/Middleware/TransformsRequest.php(21): Illuminate\\Pipeline\\Pipeline->Illuminate\\Pipeline\\{closure}()
#51 /mnt/e/workspace/workspace/freelance/aiswarya/source code/artEcommerce/vendor/laravel/framework/src/Illuminate/Pipeline/Pipeline.php(167): Illuminate\\Foundation\\Http\\Middleware\\TransformsRequest->handle()
#52 /mnt/e/workspace/workspace/freelance/aiswarya/source code/artEcommerce/vendor/laravel/framework/src/Illuminate/Foundation/Http/Middleware/TransformsRequest.php(21): Illuminate\\Pipeline\\Pipeline->Illuminate\\Pipeline\\{closure}()
#53 /mnt/e/workspace/workspace/freelance/aiswarya/source code/artEcommerce/vendor/laravel/framework/src/Illuminate/Pipeline/Pipeline.php(167): Illuminate\\Foundation\\Http\\Middleware\\TransformsRequest->handle()
#54 /mnt/e/workspace/workspace/freelance/aiswarya/source code/artEcommerce/vendor/laravel/framework/src/Illuminate/Foundation/Http/Middleware/ValidatePostSize.php(27): Illuminate\\Pipeline\\Pipeline->Illuminate\\Pipeline\\{closure}()
#55 /mnt/e/workspace/workspace/freelance/aiswarya/source code/artEcommerce/vendor/laravel/framework/src/Illuminate/Pipeline/Pipeline.php(167): Illuminate\\Foundation\\Http\\Middleware\\ValidatePostSize->handle()
#56 /mnt/e/workspace/workspace/freelance/aiswarya/source code/artEcommerce/vendor/laravel/framework/src/Illuminate/Foundation/Http/Middleware/PreventRequestsDuringMaintenance.php(87): Illuminate\\Pipeline\\Pipeline->Illuminate\\Pipeline\\{closure}()
#57 /mnt/e/workspace/workspace/freelance/aiswarya/source code/artEcommerce/vendor/laravel/framework/src/Illuminate/Pipeline/Pipeline.php(167): Illuminate\\Foundation\\Http\\Middleware\\PreventRequestsDuringMaintenance->handle()
#58 /mnt/e/workspace/workspace/freelance/aiswarya/source code/artEcommerce/vendor/fruitcake/laravel-cors/src/HandleCors.php(37): Illuminate\\Pipeline\\Pipeline->Illuminate\\Pipeline\\{closure}()
#59 /mnt/e/workspace/workspace/freelance/aiswarya/source code/artEcommerce/vendor/laravel/framework/src/Illuminate/Pipeline/Pipeline.php(167): Fruitcake\\Cors\\HandleCors->handle()
#60 /mnt/e/workspace/workspace/freelance/aiswarya/source code/artEcommerce/vendor/fideloper/proxy/src/TrustProxies.php(57): Illuminate\\Pipeline\\Pipeline->Illuminate\\Pipeline\\{closure}()
#61 /mnt/e/workspace/workspace/freelance/aiswarya/source code/artEcommerce/vendor/laravel/framework/src/Illuminate/Pipeline/Pipeline.php(167): Fideloper\\Proxy\\TrustProxies->handle()
#62 /mnt/e/workspace/workspace/freelance/aiswarya/source code/artEcommerce/vendor/laravel/framework/src/Illuminate/Pipeline/Pipeline.php(103): Illuminate\\Pipeline\\Pipeline->Illuminate\\Pipeline\\{closure}()
#63 /mnt/e/workspace/workspace/freelance/aiswarya/source code/artEcommerce/vendor/laravel/framework/src/Illuminate/Foundation/Http/Kernel.php(141): Illuminate\\Pipeline\\Pipeline->then()
#64 /mnt/e/workspace/workspace/freelance/aiswarya/source code/artEcommerce/vendor/laravel/framework/src/Illuminate/Foundation/Http/Kernel.php(110): Illuminate\\Foundation\\Http\\Kernel->sendRequestThroughRouter()
#65 /mnt/e/workspace/workspace/freelance/aiswarya/source code/artEcommerce/public/index.php(52): Illuminate\\Foundation\\Http\\Kernel->handle()
#66 /mnt/e/workspace/workspace/freelance/aiswarya/source code/artEcommerce/server.php(21): require_once('/mnt/e/workspac...')
#67 {main}
"} 
[2020-10-22 06:11:17] local.ERROR: file_put_contents(C:\Users\Abhi\Documents\New folder\artEcommerce\storage\framework/sessions/WHgYLQ5KD46Q7ZztjhxcLyv8r5f2X5Qzd5HyeIl1): failed to open stream: No such file or directory {"exception":"[object] (ErrorException(code: 0): file_put_contents(C:\\Users\\Abhi\\Documents\\New folder\\artEcommerce\\storage\\framework/sessions/WHgYLQ5KD46Q7ZztjhxcLyv8r5f2X5Qzd5HyeIl1): failed to open stream: No such file or directory at /mnt/e/workspace/workspace/freelance/aiswarya/source code/artEcommerce/vendor/laravel/framework/src/Illuminate/Filesystem/Filesystem.php:185)
[stacktrace]
#0 [internal function]: Illuminate\\Foundation\\Bootstrap\\HandleExceptions->handleError()
#1 /mnt/e/workspace/workspace/freelance/aiswarya/source code/artEcommerce/vendor/laravel/framework/src/Illuminate/Filesystem/Filesystem.php(185): file_put_contents()
#2 /mnt/e/workspace/workspace/freelance/aiswarya/source code/artEcommerce/vendor/laravel/framework/src/Illuminate/Session/FileSessionHandler.php(83): Illuminate\\Filesystem\\Filesystem->put()
#3 /mnt/e/workspace/workspace/freelance/aiswarya/source code/artEcommerce/vendor/laravel/framework/src/Illuminate/Session/Store.php(129): Illuminate\\Session\\FileSessionHandler->write()
#4 /mnt/e/workspace/workspace/freelance/aiswarya/source code/artEcommerce/vendor/laravel/framework/src/Illuminate/Session/Middleware/StartSession.php(236): Illuminate\\Session\\Store->save()
#5 /mnt/e/workspace/workspace/freelance/aiswarya/source code/artEcommerce/vendor/laravel/framework/src/Illuminate/Session/Middleware/StartSession.php(130): Illuminate\\Session\\Middleware\\StartSession->saveSession()
#6 /mnt/e/workspace/workspace/freelance/aiswarya/source code/artEcommerce/vendor/laravel/framework/src/Illuminate/Session/Middleware/StartSession.php(63): Illuminate\\Session\\Middleware\\StartSession->handleStatefulRequest()
#7 /mnt/e/workspace/workspace/freelance/aiswarya/source code/artEcommerce/vendor/laravel/framework/src/Illuminate/Pipeline/Pipeline.php(167): Illuminate\\Session\\Middleware\\StartSession->handle()
#8 /mnt/e/workspace/workspace/freelance/aiswarya/source code/artEcommerce/vendor/laravel/framework/src/Illuminate/Cookie/Middleware/AddQueuedCookiesToResponse.php(37): Illuminate\\Pipeline\\Pipeline->Illuminate\\Pipeline\\{closure}()
#9 /mnt/e/workspace/workspace/freelance/aiswarya/source code/artEcommerce/vendor/laravel/framework/src/Illuminate/Pipeline/Pipeline.php(167): Illuminate\\Cookie\\Middleware\\AddQueuedCookiesToResponse->handle()
#10 /mnt/e/workspace/workspace/freelance/aiswarya/source code/artEcommerce/vendor/laravel/framework/src/Illuminate/Cookie/Middleware/EncryptCookies.php(67): Illuminate\\Pipeline\\Pipeline->Illuminate\\Pipeline\\{closure}()
#11 /mnt/e/workspace/workspace/freelance/aiswarya/source code/artEcommerce/vendor/laravel/framework/src/Illuminate/Pipeline/Pipeline.php(167): Illuminate\\Cookie\\Middleware\\EncryptCookies->handle()
#12 /mnt/e/workspace/workspace/freelance/aiswarya/source code/artEcommerce/vendor/laravel/framework/src/Illuminate/Pipeline/Pipeline.php(103): Illuminate\\Pipeline\\Pipeline->Illuminate\\Pipeline\\{closure}()
#13 /mnt/e/workspace/workspace/freelance/aiswarya/source code/artEcommerce/vendor/laravel/framework/src/Illuminate/Routing/Router.php(693): Illuminate\\Pipeline\\Pipeline->then()
#14 /mnt/e/workspace/workspace/freelance/aiswarya/source code/artEcommerce/vendor/laravel/framework/src/Illuminate/Routing/Router.php(668): Illuminate\\Routing\\Router->runRouteWithinStack()
#15 /mnt/e/workspace/workspace/freelance/aiswarya/source code/artEcommerce/vendor/laravel/framework/src/Illuminate/Routing/Router.php(634): Illuminate\\Routing\\Router->runRoute()
#16 /mnt/e/workspace/workspace/freelance/aiswarya/source code/artEcommerce/vendor/laravel/framework/src/Illuminate/Routing/Router.php(623): Illuminate\\Routing\\Router->dispatchToRoute()
#17 /mnt/e/workspace/workspace/freelance/aiswarya/source code/artEcommerce/vendor/laravel/framework/src/Illuminate/Foundation/Http/Kernel.php(166): Illuminate\\Routing\\Router->dispatch()
#18 /mnt/e/workspace/workspace/freelance/aiswarya/source code/artEcommerce/vendor/laravel/framework/src/Illuminate/Pipeline/Pipeline.php(128): Illuminate\\Foundation\\Http\\Kernel->Illuminate\\Foundation\\Http\\{closure}()
#19 /mnt/e/workspace/workspace/freelance/aiswarya/source code/artEcommerce/vendor/laravel/framework/src/Illuminate/Foundation/Http/Middleware/TransformsRequest.php(21): Illuminate\\Pipeline\\Pipeline->Illuminate\\Pipeline\\{closure}()
#20 /mnt/e/workspace/workspace/freelance/aiswarya/source code/artEcommerce/vendor/laravel/framework/src/Illuminate/Pipeline/Pipeline.php(167): Illuminate\\Foundation\\Http\\Middleware\\TransformsRequest->handle()
#21 /mnt/e/workspace/workspace/freelance/aiswarya/source code/artEcommerce/vendor/laravel/framework/src/Illuminate/Foundation/Http/Middleware/TransformsRequest.php(21): Illuminate\\Pipeline\\Pipeline->Illuminate\\Pipeline\\{closure}()
#22 /mnt/e/workspace/workspace/freelance/aiswarya/source code/artEcommerce/vendor/laravel/framework/src/Illuminate/Pipeline/Pipeline.php(167): Illuminate\\Foundation\\Http\\Middleware\\TransformsRequest->handle()
#23 /mnt/e/workspace/workspace/freelance/aiswarya/source code/artEcommerce/vendor/laravel/framework/src/Illuminate/Foundation/Http/Middleware/ValidatePostSize.php(27): Illuminate\\Pipeline\\Pipeline->Illuminate\\Pipeline\\{closure}()
#24 /mnt/e/workspace/workspace/freelance/aiswarya/source code/artEcommerce/vendor/laravel/framework/src/Illuminate/Pipeline/Pipeline.php(167): Illuminate\\Foundation\\Http\\Middleware\\ValidatePostSize->handle()
#25 /mnt/e/workspace/workspace/freelance/aiswarya/source code/artEcommerce/vendor/laravel/framework/src/Illuminate/Foundation/Http/Middleware/PreventRequestsDuringMaintenance.php(87): Illuminate\\Pipeline\\Pipeline->Illuminate\\Pipeline\\{closure}()
#26 /mnt/e/workspace/workspace/freelance/aiswarya/source code/artEcommerce/vendor/laravel/framework/src/Illuminate/Pipeline/Pipeline.php(167): Illuminate\\Foundation\\Http\\Middleware\\PreventRequestsDuringMaintenance->handle()
#27 /mnt/e/workspace/workspace/freelance/aiswarya/source code/artEcommerce/vendor/fruitcake/laravel-cors/src/HandleCors.php(37): Illuminate\\Pipeline\\Pipeline->Illuminate\\Pipeline\\{closure}()
#28 /mnt/e/workspace/workspace/freelance/aiswarya/source code/artEcommerce/vendor/laravel/framework/src/Illuminate/Pipeline/Pipeline.php(167): Fruitcake\\Cors\\HandleCors->handle()
#29 /mnt/e/workspace/workspace/freelance/aiswarya/source code/artEcommerce/vendor/fideloper/proxy/src/TrustProxies.php(57): Illuminate\\Pipeline\\Pipeline->Illuminate\\Pipeline\\{closure}()
#30 /mnt/e/workspace/workspace/freelance/aiswarya/source code/artEcommerce/vendor/laravel/framework/src/Illuminate/Pipeline/Pipeline.php(167): Fideloper\\Proxy\\TrustProxies->handle()
#31 /mnt/e/workspace/workspace/freelance/aiswarya/source code/artEcommerce/vendor/laravel/framework/src/Illuminate/Pipeline/Pipeline.php(103): Illuminate\\Pipeline\\Pipeline->Illuminate\\Pipeline\\{closure}()
#32 /mnt/e/workspace/workspace/freelance/aiswarya/source code/artEcommerce/vendor/laravel/framework/src/Illuminate/Foundation/Http/Kernel.php(141): Illuminate\\Pipeline\\Pipeline->then()
#33 /mnt/e/workspace/workspace/freelance/aiswarya/source code/artEcommerce/vendor/laravel/framework/src/Illuminate/Foundation/Http/Kernel.php(110): Illuminate\\Foundation\\Http\\Kernel->sendRequestThroughRouter()
#34 /mnt/e/workspace/workspace/freelance/aiswarya/source code/artEcommerce/public/index.php(52): Illuminate\\Foundation\\Http\\Kernel->handle()
#35 /mnt/e/workspace/workspace/freelance/aiswarya/source code/artEcommerce/server.php(21): require_once('/mnt/e/workspac...')
#36 {main}
"} 
